<?xml version="1.0" encoding="UTF-8"?>
<!-- Generated by org.testng.reporters.JUnitReportReporter -->
<testsuite hostname="RockOil" failures="0" tests="1" name="Excel.WriteXLSXFile" time="0.703" errors="0" timestamp="4 Apr 2021 02:19:39 GMT">
  <testcase classname="Excel.WriteXLSXFile" name="write" time="0.703"/>
</testsuite> <!-- Excel.WriteXLSXFile -->
