<?xml version="1.0" encoding="UTF-8"?>
<!-- Generated by org.testng.reporters.JUnitReportReporter -->
<testsuite hostname="RockOil" failures="0" tests="1" name="Excel.WriteXLSFile" time="0.167" errors="0" timestamp="4 Apr 2021 03:16:03 GMT">
  <testcase classname="Excel.WriteXLSFile" name="write" time="0.167"/>
</testsuite> <!-- Excel.WriteXLSFile -->
